1141:C 08 Nov 2019 21:04:04.182 # oO0OoO0OoO0Oo Redis is starting oO0OoO0OoO0Oo
1141:C 08 Nov 2019 21:04:04.182 # Redis version=5.0.6, bits=64, commit=00000000, modified=0, pid=1141, just started
1141:C 08 Nov 2019 21:04:04.184 # Configuration loaded
1141:S 08 Nov 2019 21:04:04.186 * Increased maximum number of open files to 10032 (it was originally set to 256).
                _._                                                  
           _.-``__ ''-._                                             
      _.-``    `.  `_.  ''-._           Redis 5.0.6 (00000000/0) 64 bit
  .-`` .-```.  ```\/    _.,_ ''-._                                   
 (    '      ,       .-`  | `,    )     Running in standalone mode
 |`-._`-...-` __...-.``-._|'` _.-'|     Port: 6380
 |    `-._   `._    /     _.-'    |     PID: 1141
  `-._    `-._  `-./  _.-'    _.-'                                   
 |`-._`-._    `-.__.-'    _.-'_.-'|                                  
 |    `-._`-._        _.-'_.-'    |           http://redis.io        
  `-._    `-._`-.__.-'_.-'    _.-'                                   
 |`-._`-._    `-.__.-'    _.-'_.-'|                                  
 |    `-._`-._        _.-'_.-'    |                                  
  `-._    `-._`-.__.-'_.-'    _.-'                                   
      `-._    `-.__.-'    _.-'                                       
          `-._        _.-'                                           
              `-.__.-'                                               

1141:S 08 Nov 2019 21:04:04.187 # Server initialized
1141:S 08 Nov 2019 21:04:04.187 * Ready to accept connections
1141:S 08 Nov 2019 21:04:04.188 * Connecting to MASTER 127.0.0.1:30002
1141:S 08 Nov 2019 21:04:04.188 * MASTER <-> REPLICA sync started
1141:S 08 Nov 2019 21:04:04.188 * Non blocking connect for SYNC fired the event.
1141:S 08 Nov 2019 21:04:04.188 * Master replied to PING, replication can continue...
1141:S 08 Nov 2019 21:04:04.188 * Partial resynchronization not possible (no cached master)
1141:S 08 Nov 2019 21:04:04.190 * Full resync from master: f2cdb2fdd49b2e71b7c401b1427175da40bca41e:0
1141:S 08 Nov 2019 21:04:04.224 * MASTER <-> REPLICA sync: receiving 175 bytes from master
1141:S 08 Nov 2019 21:04:04.225 * MASTER <-> REPLICA sync: Flushing old data
1141:S 08 Nov 2019 21:04:04.225 * MASTER <-> REPLICA sync: Loading DB in memory
1141:S 08 Nov 2019 21:04:04.225 * MASTER <-> REPLICA sync: Finished with success
1141:S 08 Nov 2019 21:05:31.498 # Connection with master lost.
1141:S 08 Nov 2019 21:05:31.498 * Caching the disconnected master state.
1141:S 08 Nov 2019 21:05:32.424 * Connecting to MASTER 127.0.0.1:30002
1141:S 08 Nov 2019 21:05:32.424 * MASTER <-> REPLICA sync started
1141:S 08 Nov 2019 21:05:32.426 # Error condition on socket for SYNC: Connection refused
1141:S 08 Nov 2019 21:05:33.461 * Connecting to MASTER 127.0.0.1:30002
1141:S 08 Nov 2019 21:05:33.461 * MASTER <-> REPLICA sync started
1141:S 08 Nov 2019 21:05:33.463 # Error condition on socket for SYNC: Connection refused
1141:S 08 Nov 2019 21:05:34.493 * Connecting to MASTER 127.0.0.1:30002
1141:S 08 Nov 2019 21:05:34.494 * MASTER <-> REPLICA sync started
1141:S 08 Nov 2019 21:05:34.496 # Error condition on socket for SYNC: Connection refused
1141:S 08 Nov 2019 21:05:35.526 * Connecting to MASTER 127.0.0.1:30002
1141:S 08 Nov 2019 21:05:35.526 * MASTER <-> REPLICA sync started
1141:S 08 Nov 2019 21:05:35.526 * Non blocking connect for SYNC fired the event.
1141:S 08 Nov 2019 21:05:35.528 * Master replied to PING, replication can continue...
1141:S 08 Nov 2019 21:05:35.528 * Trying a partial resynchronization (request f2cdb2fdd49b2e71b7c401b1427175da40bca41e:113).
1141:S 08 Nov 2019 21:05:35.530 * Full resync from master: 7599a8a51673dde9db2fbd63b89296d34d3685e8:0
1141:S 08 Nov 2019 21:05:35.530 * Discarding previously cached master state.
1141:S 08 Nov 2019 21:05:35.630 * MASTER <-> REPLICA sync: receiving 175 bytes from master
1141:S 08 Nov 2019 21:05:35.634 * MASTER <-> REPLICA sync: Flushing old data
1141:S 08 Nov 2019 21:05:35.634 * MASTER <-> REPLICA sync: Loading DB in memory
1141:S 08 Nov 2019 21:05:35.634 * MASTER <-> REPLICA sync: Finished with success
1141:S 08 Nov 2019 22:06:45.900 # Connection with master lost.
1141:S 08 Nov 2019 22:06:45.900 * Caching the disconnected master state.
1141:S 08 Nov 2019 22:06:46.476 * Connecting to MASTER 127.0.0.1:30002
1141:S 08 Nov 2019 22:06:46.476 * MASTER <-> REPLICA sync started
1141:S 08 Nov 2019 22:06:46.478 # Error condition on socket for SYNC: Connection refused
1141:S 08 Nov 2019 22:06:47.505 * Connecting to MASTER 127.0.0.1:30002
1141:S 08 Nov 2019 22:06:47.505 * MASTER <-> REPLICA sync started
1141:S 08 Nov 2019 22:06:47.507 # Error condition on socket for SYNC: Connection refused
1141:S 08 Nov 2019 22:06:48.538 * Connecting to MASTER 127.0.0.1:30002
1141:S 08 Nov 2019 22:06:48.539 * MASTER <-> REPLICA sync started
1141:S 08 Nov 2019 22:06:48.540 # Error condition on socket for SYNC: Connection refused
1141:S 08 Nov 2019 22:06:49.570 * Connecting to MASTER 127.0.0.1:30002
1141:S 08 Nov 2019 22:06:49.571 * MASTER <-> REPLICA sync started
1141:S 08 Nov 2019 22:06:49.573 # Error condition on socket for SYNC: Connection refused
1141:S 08 Nov 2019 22:06:50.601 * Connecting to MASTER 127.0.0.1:30002
1141:S 08 Nov 2019 22:06:50.601 * MASTER <-> REPLICA sync started
1141:S 08 Nov 2019 22:06:50.603 # Error condition on socket for SYNC: Connection refused
1141:M 08 Nov 2019 22:06:51.276 # Setting secondary replication ID to 7599a8a51673dde9db2fbd63b89296d34d3685e8, valid up to offset: 5069. New replication ID is fb01acc248f369bf8652eda29dbafca444d26c53
1141:M 08 Nov 2019 22:06:51.277 * Discarding previously cached master state.
1141:M 08 Nov 2019 22:06:51.278 * MASTER MODE enabled (user request from 'id=11 addr=127.0.0.1:49895 fd=9 name=sentinel-c7505f13-cmd age=2738 idle=0 flags=x db=0 sub=0 psub=0 multi=3 qbuf=140 qbuf-free=32628 obl=36 oll=0 omem=0 events=r cmd=exec')
1141:M 08 Nov 2019 22:06:51.281 # CONFIG REWRITE executed with success.
