14596:C 07 Nov 2019 20:17:03.548 # oO0OoO0OoO0Oo Redis is starting oO0OoO0OoO0Oo
14596:C 07 Nov 2019 20:17:03.549 # Redis version=5.0.6, bits=64, commit=00000000, modified=0, pid=14596, just started
14596:C 07 Nov 2019 20:17:03.550 # Configuration loaded
14596:M 07 Nov 2019 20:17:03.552 * Increased maximum number of open files to 10032 (it was originally set to 256).
                _._                                                  
           _.-``__ ''-._                                             
      _.-``    `.  `_.  ''-._           Redis 5.0.6 (00000000/0) 64 bit
  .-`` .-```.  ```\/    _.,_ ''-._                                   
 (    '      ,       .-`  | `,    )     Running in standalone mode
 |`-._`-...-` __...-.``-._|'` _.-'|     Port: 6380
 |    `-._   `._    /     _.-'    |     PID: 14596
  `-._    `-._  `-./  _.-'    _.-'                                   
 |`-._`-._    `-.__.-'    _.-'_.-'|                                  
 |    `-._`-._        _.-'_.-'    |           http://redis.io        
  `-._    `-._`-.__.-'_.-'    _.-'                                   
 |`-._`-._    `-.__.-'    _.-'_.-'|                                  
 |    `-._`-._        _.-'_.-'    |                                  
  `-._    `-._`-.__.-'_.-'    _.-'                                   
      `-._    `-.__.-'    _.-'                                       
          `-._        _.-'                                           
              `-.__.-'                                               

14596:M 07 Nov 2019 20:17:03.553 # Server initialized
14596:M 07 Nov 2019 20:17:03.553 * Ready to accept connections
14596:signal-handler (1573132629) Received SIGINT scheduling shutdown...
14596:M 07 Nov 2019 20:17:09.569 # User requested shutdown...
14596:M 07 Nov 2019 20:17:09.569 * Saving the final RDB snapshot before exiting.
14596:M 07 Nov 2019 20:17:09.569 * DB saved on disk
14596:M 07 Nov 2019 20:17:09.569 * Removing the pid file.
14596:M 07 Nov 2019 20:17:09.570 # Redis is now ready to exit, bye bye...
14597:C 07 Nov 2019 20:17:11.624 # oO0OoO0OoO0Oo Redis is starting oO0OoO0OoO0Oo
14597:C 07 Nov 2019 20:17:11.624 # Redis version=5.0.6, bits=64, commit=00000000, modified=0, pid=14597, just started
14597:C 07 Nov 2019 20:17:11.626 # Configuration loaded
14597:M 07 Nov 2019 20:17:11.627 * Increased maximum number of open files to 10032 (it was originally set to 256).
                _._                                                  
           _.-``__ ''-._                                             
      _.-``    `.  `_.  ''-._           Redis 5.0.6 (00000000/0) 64 bit
  .-`` .-```.  ```\/    _.,_ ''-._                                   
 (    '      ,       .-`  | `,    )     Running in standalone mode
 |`-._`-...-` __...-.``-._|'` _.-'|     Port: 6380
 |    `-._   `._    /     _.-'    |     PID: 14597
  `-._    `-._  `-./  _.-'    _.-'                                   
 |`-._`-._    `-.__.-'    _.-'_.-'|                                  
 |    `-._`-._        _.-'_.-'    |           http://redis.io        
  `-._    `-._`-.__.-'_.-'    _.-'                                   
 |`-._`-._    `-.__.-'    _.-'_.-'|                                  
 |    `-._`-._        _.-'_.-'    |                                  
  `-._    `-._`-.__.-'_.-'    _.-'                                   
      `-._    `-.__.-'    _.-'                                       
          `-._        _.-'                                           
              `-.__.-'                                               

14597:M 07 Nov 2019 20:17:11.629 # Server initialized
14597:M 07 Nov 2019 20:17:11.629 * DB loaded from disk: 0.000 seconds
14597:M 07 Nov 2019 20:17:11.629 * Ready to accept connections
